<?xml version="1.0" encoding="UTF-8"?>
<!-- Generated by org.testng.reporters.JUnitReportReporter -->
<testsuite hostname="LAPTOP-AR1S3N0T" failures="0" tests="1" name="main.java.testing.OptionChainDeleteCookies" time="7.950" errors="0" timestamp="2021-04-11T17:07:10 IST" skipped="0">
  <testcase classname="main.java.testing.OptionChainDeleteCookies" name="OptionChainData" time="7.950"/>
  <system-out/>
</testsuite> <!-- main.java.testing.OptionChainDeleteCookies -->
